\BOOKMARK [0][-]{chapter.1}{\376\377\000I\000n\000t\000r\000o\000d\000u\000c\000t\000i\000o\000n}{}% 1
\BOOKMARK [1][-]{section.1.1}{\376\377\000P\000u\000r\000p\000o\000s\000e}{chapter.1}% 2
\BOOKMARK [2][-]{subsection.1.1.1}{\376\377\000D\000o\000c\000u\000m\000e\000n\000t\000\040\000S\000c\000o\000p\000e}{section.1.1}% 3
\BOOKMARK [2][-]{subsection.1.1.2}{\376\377\000T\000a\000r\000g\000e\000t\000\040\000A\000u\000d\000i\000e\000n\000c\000e\000\040\000D\000e\000m\000o\000g\000r\000a\000p\000h\000i\000c\000s}{section.1.1}% 4
\BOOKMARK [1][-]{section.1.2}{\376\377\000P\000r\000o\000b\000l\000e\000m\000\040\000S\000t\000a\000t\000e\000m\000e\000n\000t}{chapter.1}% 5
\BOOKMARK [2][-]{subsection.1.2.1}{\376\377\000P\000r\000o\000b\000l\000e\000m\000\040\000B\000a\000c\000k\000g\000r\000o\000u\000n\000d}{section.1.2}% 6
\BOOKMARK [2][-]{subsection.1.2.2}{\376\377\000P\000r\000o\000b\000l\000e\000m\000\040\000D\000e\000s\000c\000r\000i\000p\000t\000i\000o\000n}{section.1.2}% 7
\BOOKMARK [2][-]{subsection.1.2.3}{\376\377\000P\000r\000o\000b\000l\000e\000m\000\040\000R\000e\000a\000s\000o\000n\000i\000n\000g}{section.1.2}% 8
\BOOKMARK [1][-]{section.1.3}{\376\377\000G\000o\000a\000l}{chapter.1}% 9
\BOOKMARK [2][-]{subsection.1.3.1}{\376\377\000P\000r\000i\000m\000a\000r\000y\000\040\000O\000b\000j\000e\000c\000t\000i\000v\000e}{section.1.3}% 10
\BOOKMARK [2][-]{subsection.1.3.2}{\376\377\000S\000p\000e\000c\000i\000f\000i\000c\000\040\000G\000o\000a\000l\000s}{section.1.3}% 11
\BOOKMARK [2][-]{subsection.1.3.3}{\376\377\000S\000u\000c\000c\000e\000s\000s\000\040\000M\000e\000t\000r\000i\000c\000s\000\040\000\050\000K\000P\000I\000s\000\051}{section.1.3}% 12
\BOOKMARK [1][-]{section.1.4}{\376\377\000S\000y\000s\000t\000e\000m\000\040\000D\000e\000v\000e\000l\000o\000p\000m\000e\000n\000t\000\040\000L\000i\000f\000e\000\040\000C\000y\000c\000l\000e\000\040\000\050\000S\000D\000L\000C\000\051}{chapter.1}% 13
\BOOKMARK [2][-]{subsection.1.4.1}{\376\377\000D\000e\000v\000e\000l\000o\000p\000m\000e\000n\000t\000\040\000M\000e\000t\000h\000o\000d\000o\000l\000o\000g\000y}{section.1.4}% 14
\BOOKMARK [2][-]{subsection.1.4.2}{\376\377\000S\000D\000L\000C\000\040\000S\000t\000a\000g\000e\000s\000\040\000D\000e\000t\000a\000i\000l}{section.1.4}% 15
\BOOKMARK [0][-]{chapter.2}{\376\377\000S\000y\000s\000t\000e\000m\000\040\000S\000t\000u\000d\000y\000\040\000a\000n\000d\000\040\000I\000n\000f\000o\000r\000m\000a\000t\000i\000o\000n\000\040\000G\000a\000t\000h\000e\000r\000i\000n\000g}{}% 16
\BOOKMARK [1][-]{section.2.1}{\376\377\000I\000n\000t\000r\000o\000d\000u\000c\000t\000i\000o\000n}{chapter.2}% 17
\BOOKMARK [1][-]{section.2.2}{\376\377\000I\000n\000f\000o\000r\000m\000a\000t\000i\000o\000n\000\040\000S\000o\000u\000r\000c\000e\000s}{chapter.2}% 18
\BOOKMARK [2][-]{subsection.2.2.1}{\376\377\000I\000n\000t\000e\000r\000n\000a\000l\000\040\000S\000o\000u\000r\000c\000e\000s}{section.2.2}% 19
\BOOKMARK [2][-]{subsection.2.2.2}{\376\377\000E\000x\000t\000e\000r\000n\000a\000l\000\040\000S\000o\000u\000r\000c\000e\000s}{section.2.2}% 20
\BOOKMARK [1][-]{section.2.3}{\376\377\000I\000n\000f\000o\000r\000m\000a\000t\000i\000o\000n\000\040\000G\000a\000t\000h\000e\000r\000i\000n\000g}{chapter.2}% 21
\BOOKMARK [2][-]{subsection.2.3.1}{\376\377\000I\000n\000t\000e\000r\000n\000a\000l\000\040\000S\000o\000u\000r\000c\000e\000s}{section.2.3}% 22
\BOOKMARK [2][-]{subsection.2.3.2}{\376\377\000E\000x\000t\000e\000r\000n\000a\000l\000\040\000S\000o\000u\000r\000c\000e\000s}{section.2.3}% 23
\BOOKMARK [1][-]{section.2.4}{\376\377\000R\000e\000s\000e\000a\000r\000c\000h\000\040\000P\000a\000p\000e\000r\000s}{chapter.2}% 24
\BOOKMARK [2][-]{subsection.2.4.1}{\376\377\000K\000e\000y\000\040\000P\000a\000p\000e\000r\000s\000\040\000a\000n\000d\000\040\000F\000i\000n\000d\000i\000n\000g\000s}{section.2.4}% 25
\BOOKMARK [2][-]{subsection.2.4.2}{\376\377\000T\000e\000c\000h\000n\000i\000c\000a\000l\000\040\000I\000m\000p\000l\000e\000m\000e\000n\000t\000a\000t\000i\000o\000n\000\040\000I\000n\000s\000i\000g\000h\000t\000s}{section.2.4}% 26
\BOOKMARK [1][-]{section.2.5}{\376\377\000S\000i\000m\000i\000l\000a\000r\000\040\000W\000e\000b\000s\000i\000t\000e\000s}{chapter.2}% 27
\BOOKMARK [2][-]{subsection.2.5.1}{\376\377\000C\000o\000m\000p\000e\000t\000i\000t\000i\000v\000e\000\040\000L\000a\000n\000d\000s\000c\000a\000p\000e\000\040\000A\000n\000a\000l\000y\000s\000i\000s}{section.2.5}% 28
\BOOKMARK [1][-]{section.2.6}{\376\377\000D\000e\000f\000i\000n\000e\000\040\000a\000n\000d\000\040\000D\000e\000s\000i\000r\000e\000d\000\040\000S\000t\000a\000t\000e}{chapter.2}% 29
\BOOKMARK [2][-]{subsection.2.6.1}{\376\377\000D\000e\000f\000i\000n\000e\000\040\000\050\000C\000u\000r\000r\000e\000n\000t\000\040\000S\000t\000a\000t\000e\000\051}{section.2.6}% 30
\BOOKMARK [2][-]{subsection.2.6.2}{\376\377\000D\000e\000s\000i\000r\000e\000d\000\040\000S\000t\000a\000t\000e}{section.2.6}% 31
\BOOKMARK [2][-]{subsection.2.6.3}{\376\377\000T\000r\000a\000n\000s\000i\000t\000i\000o\000n\000\040\000S\000t\000r\000a\000t\000e\000g\000y}{section.2.6}% 32
\BOOKMARK [0][-]{chapter.3}{\376\377\000S\000y\000s\000t\000e\000m\000\040\000A\000n\000a\000l\000y\000s\000i\000s}{}% 33
\BOOKMARK [1][-]{section.3.1}{\376\377\000I\000n\000t\000r\000o\000d\000u\000c\000t\000i\000o\000n}{chapter.3}% 34
\BOOKMARK [1][-]{section.3.2}{\376\377\000G\000a\000p\000\040\000A\000n\000a\000l\000y\000s\000i\000s}{chapter.3}% 35
\BOOKMARK [2][-]{subsection.3.2.1}{\376\377\000T\000a\000r\000g\000e\000t\000e\000d\000\040\000G\000a\000p\000\040\000A\000n\000a\000l\000y\000s\000i\000s\000:\000\040\000W\000h\000a\000t\000\040\000O\000t\000h\000e\000r\000s\000\040\000L\000a\000c\000k\000\040\000T\000h\000a\000t\000\040\000S\000c\000h\000o\000l\000a\000r\000F\000l\000o\000w\000\040\000O\000f\000f\000e\000r\000s}{section.3.2}% 36
\BOOKMARK [2][-]{subsection.3.2.2}{\376\377\000G\000a\000p\000\040\000P\000r\000i\000o\000r\000i\000t\000i\000z\000a\000t\000i\000o\000n\000\040\000M\000a\000t\000r\000i\000x}{section.3.2}% 37
\BOOKMARK [1][-]{section.3.3}{\376\377\000B\000e\000n\000c\000h\000m\000a\000r\000k}{chapter.3}% 38
\BOOKMARK [2][-]{subsection.3.3.1}{\376\377\000F\000e\000a\000t\000u\000r\000e\000\040\000C\000o\000m\000p\000a\000r\000i\000s\000o\000n\000\040\000M\000a\000t\000r\000i\000x}{section.3.3}% 39
\BOOKMARK [2][-]{subsection.3.3.2}{\376\377\000B\000e\000n\000c\000h\000m\000a\000r\000k\000\040\000S\000c\000o\000r\000i\000n\000g}{section.3.3}% 40
\BOOKMARK [1][-]{section.3.4}{\376\377\000S\000u\000r\000v\000e\000y}{chapter.3}% 41
\BOOKMARK [2][-]{subsection.3.4.1}{\376\377\000S\000u\000r\000v\000e\000y\000\040\000M\000e\000t\000h\000o\000d\000o\000l\000o\000g\000y}{section.3.4}% 42
\BOOKMARK [2][-]{subsection.3.4.2}{\376\377\000S\000u\000r\000v\000e\000y\000\040\000R\000e\000s\000u\000l\000t\000s}{section.3.4}% 43
\BOOKMARK [1][-]{section.3.5}{\376\377\000F\000e\000a\000t\000u\000r\000e\000\040\000D\000e\000m\000a\000n\000d\000\040\000A\000n\000a\000l\000y\000s\000i\000s}{chapter.3}% 44
\BOOKMARK [2][-]{subsection.3.5.1}{\376\377\000A\000I\000-\000P\000o\000w\000e\000r\000e\000d\000\040\000F\000e\000a\000t\000u\000r\000e\000s}{section.3.5}% 45
\BOOKMARK [2][-]{subsection.3.5.2}{\376\377\000C\000o\000l\000l\000a\000b\000o\000r\000a\000t\000i\000o\000n\000\040\000F\000e\000a\000t\000u\000r\000e\000s}{section.3.5}% 46
\BOOKMARK [2][-]{subsection.3.5.3}{\376\377\000A\000n\000a\000l\000y\000t\000i\000c\000s\000\040\000a\000n\000d\000\040\000T\000r\000a\000c\000k\000i\000n\000g\000\040\000F\000e\000a\000t\000u\000r\000e\000s}{section.3.5}% 47
\BOOKMARK [2][-]{subsection.3.5.4}{\376\377\000C\000i\000t\000a\000t\000i\000o\000n\000\040\000a\000n\000d\000\040\000R\000e\000f\000e\000r\000e\000n\000c\000e\000\040\000M\000a\000n\000a\000g\000e\000m\000e\000n\000t}{section.3.5}% 48
\BOOKMARK [2][-]{subsection.3.5.5}{\376\377\000A\000d\000v\000a\000n\000c\000e\000d\000\040\000C\000o\000m\000p\000a\000r\000i\000s\000o\000n\000\040\000a\000n\000d\000\040\000A\000n\000a\000l\000y\000s\000i\000s\000\040\000T\000o\000o\000l\000s}{section.3.5}% 49
\BOOKMARK [1][-]{section.3.6}{\376\377\000F\000e\000a\000s\000i\000b\000i\000l\000i\000t\000y\000\040\000A\000n\000a\000l\000y\000s\000i\000s}{chapter.3}% 50
\BOOKMARK [2][-]{subsection.3.6.1}{\376\377\000T\000e\000c\000h\000n\000i\000c\000a\000l\000\040\000F\000e\000a\000s\000i\000b\000i\000l\000i\000t\000y}{section.3.6}% 51
\BOOKMARK [2][-]{subsection.3.6.2}{\376\377\000E\000c\000o\000n\000o\000m\000i\000c\000\040\000F\000e\000a\000s\000i\000b\000i\000l\000i\000t\000y}{section.3.6}% 52
\BOOKMARK [2][-]{subsection.3.6.3}{\376\377\000O\000p\000e\000r\000a\000t\000i\000o\000n\000a\000l\000\040\000F\000e\000a\000s\000i\000b\000i\000l\000i\000t\000y}{section.3.6}% 53
\BOOKMARK [1][-]{section.3.7}{\376\377\000S\000W\000O\000T\000\040\000A\000n\000a\000l\000y\000s\000i\000s}{chapter.3}% 54
\BOOKMARK [2][-]{subsection.3.7.1}{\376\377\000S\000t\000r\000e\000n\000g\000t\000h\000s\000\040\000\050\000I\000n\000t\000e\000r\000n\000a\000l\000\040\000P\000o\000s\000i\000t\000i\000v\000e\000\040\000F\000a\000c\000t\000o\000r\000s\000\051}{section.3.7}% 55
\BOOKMARK [2][-]{subsection.3.7.2}{\376\377\000W\000e\000a\000k\000n\000e\000s\000s\000e\000s\000\040\000\050\000I\000n\000t\000e\000r\000n\000a\000l\000\040\000N\000e\000g\000a\000t\000i\000v\000e\000\040\000F\000a\000c\000t\000o\000r\000s\000\051}{section.3.7}% 56
\BOOKMARK [2][-]{subsection.3.7.3}{\376\377\000O\000p\000p\000o\000r\000t\000u\000n\000i\000t\000i\000e\000s\000\040\000\050\000E\000x\000t\000e\000r\000n\000a\000l\000\040\000P\000o\000s\000i\000t\000i\000v\000e\000\040\000F\000a\000c\000t\000o\000r\000s\000\051}{section.3.7}% 57
\BOOKMARK [2][-]{subsection.3.7.4}{\376\377\000T\000h\000r\000e\000a\000t\000s\000\040\000\050\000E\000x\000t\000e\000r\000n\000a\000l\000\040\000N\000e\000g\000a\000t\000i\000v\000e\000\040\000F\000a\000c\000t\000o\000r\000s\000\051}{section.3.7}% 58
\BOOKMARK [1][-]{section.3.8}{\376\377\000C\000o\000m\000p\000e\000t\000i\000t\000i\000v\000e\000\040\000A\000n\000a\000l\000y\000s\000i\000s}{chapter.3}% 59
\BOOKMARK [2][-]{subsection.3.8.1}{\376\377\000D\000i\000r\000e\000c\000t\000\040\000C\000o\000m\000p\000e\000t\000i\000t\000o\000r\000s}{section.3.8}% 60
\BOOKMARK [2][-]{subsection.3.8.2}{\376\377\000U\000n\000i\000q\000u\000e\000\040\000V\000a\000l\000u\000e\000\040\000P\000r\000o\000p\000o\000s\000i\000t\000i\000o\000n}{section.3.8}% 61
